
 Simulated  experimential  data  :
   60.647625760154448       -8.9693917723321703E-005
   72.624033159876376        1.2572422520956678E-004
   83.517140824886269       -1.1828886156774156E-004
   92.319085770268373        8.0717145070169466E-005
   98.017243582138491       -2.6767517733807218E-005
   99.996951893788975       -3.0481062110221668E-005
   98.027606237491099        7.8952431035957793E-005
   92.301695752124346       -1.0766667255040649E-004
   83.535961107763200        1.0703083282355559E-004
   72.609840050957999       -6.9733018327802578E-005
   60.652623544482495       -7.2943844431594916E-006



    N L S C O N  *****  V e r s i o n  2 . 3 . 3 ***

 Gauss-Newton-Method for the solution of nonlinear least squares problems


 Real    Workspace declared as       400 is used up to       285 ( 71.2 percent)

 Integer Workspace declared as        60 is used up to        50 ( 83.3 percent)



 Number of parameters to be estimated (N) :    3
 Number of data to fitted, e.g. observations (MFIT) :   11
 Number of equality constraints (MCON) :    1

 Prescribed relative precision (RTOL) :   0.10D-05

 The Jacobian is supplied by numerical differentiation (without feedback strategy)
 Automatic row scaling of the Jacobian is allowed

 Rank-1 updates are inhibited
 Problem is specified as being highly nonlinear
 Bounded damping strategy is off
 Maximum permitted number of iteration steps :    200


 Internal parameters:

 Starting value for damping factor FCSTART =  0.10D-01
 Minimum allowed damping factor FCMIN =  0.10D-01
 Rank-1 updates decision parameter SIGMA =  0.10D+04
 Initial Jacobian pseudo-rank IRANK =     3
 Maximum permitted subcondition COND =  0.45D+16



  **************************************************************************

        It       Normf               Normx       Damp.Fct.   New      Rank
         0      0.8309901D+02       0.699D+02                0         3
         1      0.8233416D+02    *  0.691D+02      0.010
 Returned from call    1 of NLSCON
         1      0.8233416D+02       0.439D+02                0         3
         2      0.8147258D+02    *  0.433D+02      0.014
 Returned from call    2 of NLSCON
         2      0.8147258D+02       0.244D+02                0         3
         3      0.7847902D+02    *  0.231D+02      0.052
 Returned from call    3 of NLSCON
         3      0.7847902D+02       0.981D+01                0         3
         4      0.4619917D+02    *  0.561D+01      0.392
 Returned from call    4 of NLSCON
         4      0.4619917D+02       0.119D+01                0         3
         5      0.5595086D+01    *  0.170D+00      1.000
 Returned from call    5 of NLSCON
         5      0.5595086D+01       0.620D-01                0         3
         6      0.4334899D+00    *  0.356D-02      1.000
 Returned from call    6 of NLSCON
         6      0.4334899D+00       0.314D-02                0         3
         7      0.6815160D-02    *  0.889D-05      1.000
 Returned from call    7 of NLSCON
         7      0.6815160D-02       0.895D-05                0         3
         8      0.6742030D-02    *  0.114D-09      1.000



 Solution of nonlinear least squares problem obtained within   8 iteration steps

 Incompatibility factor kappa 0.276D-02


 Achieved relative accuracy  0.248D-07


   Subcondition ( 1,   1) of constrained part  0.100D+01

   Subcondition (    2,   3) of least squares part  0.154D+01

   Sensitivity ( lsq )  0.289D+03




          under the assumptions of the classical linear model:
                                                               




   Best unbiased estimate of variance and standard deviation of residuals:
   -----------------------------------------------------------------------

   sigma2 = 0.606D-04     sigma = 0.779D-02



   Covariance matrix of parameters
   -----------------

         1         2         3
   1  0.76D-05
   2 -0.23D-06  0.17D-06
   3  0.61D-06 -0.18D-06  0.22D-06



   Correlation coefficients
   ------------------------

         1      2      3
   1   1.00
   2  -0.20   1.00
   3   0.48  -0.96   1.00



   Standard deviation of parameters
   --------------------------------
     No.  Estimate           sigma(X)
      1   0.100D+03   +/-   0.275D-02     =    0.00 %
      2   0.100D+02   +/-   0.416D-03     =    0.00 %
      3   0.100D+02   +/-   0.464D-03     =    0.00 %



   Independent confidence intervals
   --------------------------------
      (on 95%-probability level using F-distribution  F(alfa,1,m-n)=  5.12)

      1  (  0.100D+03 ,  0.100D+03 )
      2  (  0.100D+02 ,  0.100D+02 )
      3  (  0.100D+02 ,  0.100D+02 )




 #############################################################################
 #                                                                           #
 #                                                                           #
 #     Results from time monitor program for:   NLSCON                       #
 #                                                                           #
 #   Total time:      0.004     Sum of parts:      0.000                     #
 #                                                                           #
 #     Name              Calls       Time    Av-time    % Total      % Sum   #
 #   NLSCON                  1      0.004     0.0040     100.00              #
 #   FCN                    10      0.000     0.0000       0.00       0.00   #
 #   Jacobi                  9      0.000     0.0000       0.00       0.00   #
 #   Lin-Fact                9      0.000     0.0000       0.00       0.00   #
 #   Lin-Sol                16      0.000     0.0000       0.00       0.00   #
 #   Output                 25      0.000     0.0000       0.00       0.00   #
 #                                                                           #
 #############################################################################





   ******  Statistics * NLSCON   *******
   ***  Gauss-Newton iter.:       8  ***
   ***  Corrector steps   :       0  ***
   ***  Rejected rk-1 st. :       0  ***
   ***  Jacobian eval.    :       9  ***
   ***  Function eval.    :      10  ***
   ***  ...  for Jacobian :      27  ***
   *************************************

 Returned from call    8 of NLSCON


 Time used =    0.004 Sec

******************************************************************

