have_library: checking for limex_() in -lLIMEX4_3A... -------------------- yes

"gcc -o conftest -I/usr/include/x86_64-linux-gnu/ruby-2.7.0 -I/usr/include/ruby-2.7.0/ruby/backward -I/usr/include/ruby-2.7.0 -I. -Wdate-time -D_FORTIFY_SOURCE=2   -g -O2 -fdebug-prefix-map=/build/ruby2.7-sl7GmE/ruby2.7-2.7.0=. -fstack-protector-strong -Wformat -Werror=format-security -fPIC conftest.c  -L. -L/usr/lib/x86_64-linux-gnu -L. -Wl,-Bsymbolic-functions -Wl,-z,relro -Wl,-z,now -fstack-protector-strong -rdynamic -Wl,-export-dynamic -lm -L./Model_ODE -L./LIMEX4_3A -Wl,-rpath,.:/home/tom/Work/Programs/ZIB_RubyExt/ext/LimexDL/Model_ODE:/home/tom/Work/Programs/ZIB_RubyExt/ext/LimexDL/LIMEX4_3A      -lruby-2.7  -lm   -lc"
checked program was:
/* begin */
1: #include "ruby.h"
2: 
3: int main(int argc, char **argv)
4: {
5:   return !!argv[argc];
6: }
/* end */

"gcc -o conftest -I/usr/include/x86_64-linux-gnu/ruby-2.7.0 -I/usr/include/ruby-2.7.0/ruby/backward -I/usr/include/ruby-2.7.0 -I. -Wdate-time -D_FORTIFY_SOURCE=2   -g -O2 -fdebug-prefix-map=/build/ruby2.7-sl7GmE/ruby2.7-2.7.0=. -fstack-protector-strong -Wformat -Werror=format-security -fPIC conftest.c  -L. -L/usr/lib/x86_64-linux-gnu -L. -Wl,-Bsymbolic-functions -Wl,-z,relro -Wl,-z,now -fstack-protector-strong -rdynamic -Wl,-export-dynamic -lm -L./Model_ODE -L./LIMEX4_3A -Wl,-rpath,.:/home/tom/Work/Programs/ZIB_RubyExt/ext/LimexDL/Model_ODE:/home/tom/Work/Programs/ZIB_RubyExt/ext/LimexDL/LIMEX4_3A      -lruby-2.7 -lLIMEX4_3A  -lm   -lc"
conftest.c: In function ‘t’:
conftest.c:14:57: error: ‘limex_’ undeclared (first use in this function)
   14 | int t(void) { void ((*volatile p)()); p = (void ((*)()))limex_; return !p; }
      |                                                         ^~~~~~
conftest.c:14:57: note: each undeclared identifier is reported only once for each function it appears in
checked program was:
/* begin */
 1: #include "ruby.h"
 2: 
 3: /*top*/
 4: extern int t(void);
 5: int main(int argc, char **argv)
 6: {
 7:   if (argc > 1000000) {
 8:     int (* volatile tp)(void)=(int (*)(void))&t;
 9:     printf("%d", (*tp)());
10:   }
11: 
12:   return !!argv[argc];
13: }
14: int t(void) { void ((*volatile p)()); p = (void ((*)()))limex_; return !p; }
/* end */

"gcc -o conftest -I/usr/include/x86_64-linux-gnu/ruby-2.7.0 -I/usr/include/ruby-2.7.0/ruby/backward -I/usr/include/ruby-2.7.0 -I. -Wdate-time -D_FORTIFY_SOURCE=2   -g -O2 -fdebug-prefix-map=/build/ruby2.7-sl7GmE/ruby2.7-2.7.0=. -fstack-protector-strong -Wformat -Werror=format-security -fPIC conftest.c  -L. -L/usr/lib/x86_64-linux-gnu -L. -Wl,-Bsymbolic-functions -Wl,-z,relro -Wl,-z,now -fstack-protector-strong -rdynamic -Wl,-export-dynamic -lm -L./Model_ODE -L./LIMEX4_3A -Wl,-rpath,.:/home/tom/Work/Programs/ZIB_RubyExt/ext/LimexDL/Model_ODE:/home/tom/Work/Programs/ZIB_RubyExt/ext/LimexDL/LIMEX4_3A      -lruby-2.7 -lLIMEX4_3A  -lm   -lc"
checked program was:
/* begin */
 1: #include "ruby.h"
 2: 
 3: /*top*/
 4: extern int t(void);
 5: int main(int argc, char **argv)
 6: {
 7:   if (argc > 1000000) {
 8:     int (* volatile tp)(void)=(int (*)(void))&t;
 9:     printf("%d", (*tp)());
10:   }
11: 
12:   return !!argv[argc];
13: }
14: extern void limex_();
15: int t(void) { limex_(); return 0; }
/* end */

--------------------

have_library: checking for ydot_limex_() in -lODEydot... -------------------- yes

"gcc -o conftest -I/usr/include/x86_64-linux-gnu/ruby-2.7.0 -I/usr/include/ruby-2.7.0/ruby/backward -I/usr/include/ruby-2.7.0 -I. -Wdate-time -D_FORTIFY_SOURCE=2   -g -O2 -fdebug-prefix-map=/build/ruby2.7-sl7GmE/ruby2.7-2.7.0=. -fstack-protector-strong -Wformat -Werror=format-security -fPIC conftest.c  -L. -L/usr/lib/x86_64-linux-gnu -L. -Wl,-Bsymbolic-functions -Wl,-z,relro -Wl,-z,now -fstack-protector-strong -rdynamic -Wl,-export-dynamic -lm -L./Model_ODE -L./LIMEX4_3A -Wl,-rpath,.:/home/tom/Work/Programs/ZIB_RubyExt/ext/LimexDL/Model_ODE:/home/tom/Work/Programs/ZIB_RubyExt/ext/LimexDL/LIMEX4_3A     -lLIMEX4_3A  -lruby-2.7 -lODEydot -lLIMEX4_3A  -lm   -lc"
conftest.c: In function ‘t’:
conftest.c:14:57: error: ‘ydot_limex_’ undeclared (first use in this function)
   14 | int t(void) { void ((*volatile p)()); p = (void ((*)()))ydot_limex_; return !p; }
      |                                                         ^~~~~~~~~~~
conftest.c:14:57: note: each undeclared identifier is reported only once for each function it appears in
checked program was:
/* begin */
 1: #include "ruby.h"
 2: 
 3: /*top*/
 4: extern int t(void);
 5: int main(int argc, char **argv)
 6: {
 7:   if (argc > 1000000) {
 8:     int (* volatile tp)(void)=(int (*)(void))&t;
 9:     printf("%d", (*tp)());
10:   }
11: 
12:   return !!argv[argc];
13: }
14: int t(void) { void ((*volatile p)()); p = (void ((*)()))ydot_limex_; return !p; }
/* end */

"gcc -o conftest -I/usr/include/x86_64-linux-gnu/ruby-2.7.0 -I/usr/include/ruby-2.7.0/ruby/backward -I/usr/include/ruby-2.7.0 -I. -Wdate-time -D_FORTIFY_SOURCE=2   -g -O2 -fdebug-prefix-map=/build/ruby2.7-sl7GmE/ruby2.7-2.7.0=. -fstack-protector-strong -Wformat -Werror=format-security -fPIC conftest.c  -L. -L/usr/lib/x86_64-linux-gnu -L. -Wl,-Bsymbolic-functions -Wl,-z,relro -Wl,-z,now -fstack-protector-strong -rdynamic -Wl,-export-dynamic -lm -L./Model_ODE -L./LIMEX4_3A -Wl,-rpath,.:/home/tom/Work/Programs/ZIB_RubyExt/ext/LimexDL/Model_ODE:/home/tom/Work/Programs/ZIB_RubyExt/ext/LimexDL/LIMEX4_3A     -lLIMEX4_3A  -lruby-2.7 -lODEydot -lLIMEX4_3A  -lm   -lc"
checked program was:
/* begin */
 1: #include "ruby.h"
 2: 
 3: /*top*/
 4: extern int t(void);
 5: int main(int argc, char **argv)
 6: {
 7:   if (argc > 1000000) {
 8:     int (* volatile tp)(void)=(int (*)(void))&t;
 9:     printf("%d", (*tp)());
10:   }
11: 
12:   return !!argv[argc];
13: }
14: extern void ydot_limex_();
15: int t(void) { ydot_limex_(); return 0; }
/* end */

--------------------

have_library: checking for ydot_slimex_() in -lODEydot... -------------------- yes

"gcc -o conftest -I/usr/include/x86_64-linux-gnu/ruby-2.7.0 -I/usr/include/ruby-2.7.0/ruby/backward -I/usr/include/ruby-2.7.0 -I. -Wdate-time -D_FORTIFY_SOURCE=2   -g -O2 -fdebug-prefix-map=/build/ruby2.7-sl7GmE/ruby2.7-2.7.0=. -fstack-protector-strong -Wformat -Werror=format-security -fPIC conftest.c  -L. -L/usr/lib/x86_64-linux-gnu -L. -Wl,-Bsymbolic-functions -Wl,-z,relro -Wl,-z,now -fstack-protector-strong -rdynamic -Wl,-export-dynamic -lm -L./Model_ODE -L./LIMEX4_3A -Wl,-rpath,.:/home/tom/Work/Programs/ZIB_RubyExt/ext/LimexDL/Model_ODE:/home/tom/Work/Programs/ZIB_RubyExt/ext/LimexDL/LIMEX4_3A     -lODEydot -lLIMEX4_3A  -lruby-2.7 -lODEydot -lODEydot -lLIMEX4_3A  -lm   -lc"
conftest.c: In function ‘t’:
conftest.c:14:57: error: ‘ydot_slimex_’ undeclared (first use in this function)
   14 | int t(void) { void ((*volatile p)()); p = (void ((*)()))ydot_slimex_; return !p; }
      |                                                         ^~~~~~~~~~~~
conftest.c:14:57: note: each undeclared identifier is reported only once for each function it appears in
checked program was:
/* begin */
 1: #include "ruby.h"
 2: 
 3: /*top*/
 4: extern int t(void);
 5: int main(int argc, char **argv)
 6: {
 7:   if (argc > 1000000) {
 8:     int (* volatile tp)(void)=(int (*)(void))&t;
 9:     printf("%d", (*tp)());
10:   }
11: 
12:   return !!argv[argc];
13: }
14: int t(void) { void ((*volatile p)()); p = (void ((*)()))ydot_slimex_; return !p; }
/* end */

"gcc -o conftest -I/usr/include/x86_64-linux-gnu/ruby-2.7.0 -I/usr/include/ruby-2.7.0/ruby/backward -I/usr/include/ruby-2.7.0 -I. -Wdate-time -D_FORTIFY_SOURCE=2   -g -O2 -fdebug-prefix-map=/build/ruby2.7-sl7GmE/ruby2.7-2.7.0=. -fstack-protector-strong -Wformat -Werror=format-security -fPIC conftest.c  -L. -L/usr/lib/x86_64-linux-gnu -L. -Wl,-Bsymbolic-functions -Wl,-z,relro -Wl,-z,now -fstack-protector-strong -rdynamic -Wl,-export-dynamic -lm -L./Model_ODE -L./LIMEX4_3A -Wl,-rpath,.:/home/tom/Work/Programs/ZIB_RubyExt/ext/LimexDL/Model_ODE:/home/tom/Work/Programs/ZIB_RubyExt/ext/LimexDL/LIMEX4_3A     -lODEydot -lLIMEX4_3A  -lruby-2.7 -lODEydot -lODEydot -lLIMEX4_3A  -lm   -lc"
checked program was:
/* begin */
 1: #include "ruby.h"
 2: 
 3: /*top*/
 4: extern int t(void);
 5: int main(int argc, char **argv)
 6: {
 7:   if (argc > 1000000) {
 8:     int (* volatile tp)(void)=(int (*)(void))&t;
 9:     printf("%d", (*tp)());
10:   }
11: 
12:   return !!argv[argc];
13: }
14: extern void ydot_slimex_();
15: int t(void) { ydot_slimex_(); return 0; }
/* end */

--------------------

have_library: checking for init_ode_() in -lODEydot... -------------------- yes

"gcc -o conftest -I/usr/include/x86_64-linux-gnu/ruby-2.7.0 -I/usr/include/ruby-2.7.0/ruby/backward -I/usr/include/ruby-2.7.0 -I. -Wdate-time -D_FORTIFY_SOURCE=2   -g -O2 -fdebug-prefix-map=/build/ruby2.7-sl7GmE/ruby2.7-2.7.0=. -fstack-protector-strong -Wformat -Werror=format-security -fPIC conftest.c  -L. -L/usr/lib/x86_64-linux-gnu -L. -Wl,-Bsymbolic-functions -Wl,-z,relro -Wl,-z,now -fstack-protector-strong -rdynamic -Wl,-export-dynamic -lm -L./Model_ODE -L./LIMEX4_3A -Wl,-rpath,.:/home/tom/Work/Programs/ZIB_RubyExt/ext/LimexDL/Model_ODE:/home/tom/Work/Programs/ZIB_RubyExt/ext/LimexDL/LIMEX4_3A     -lODEydot -lODEydot -lLIMEX4_3A  -lruby-2.7 -lODEydot -lODEydot -lODEydot -lLIMEX4_3A  -lm   -lc"
conftest.c: In function ‘t’:
conftest.c:14:57: error: ‘init_ode_’ undeclared (first use in this function)
   14 | int t(void) { void ((*volatile p)()); p = (void ((*)()))init_ode_; return !p; }
      |                                                         ^~~~~~~~~
conftest.c:14:57: note: each undeclared identifier is reported only once for each function it appears in
checked program was:
/* begin */
 1: #include "ruby.h"
 2: 
 3: /*top*/
 4: extern int t(void);
 5: int main(int argc, char **argv)
 6: {
 7:   if (argc > 1000000) {
 8:     int (* volatile tp)(void)=(int (*)(void))&t;
 9:     printf("%d", (*tp)());
10:   }
11: 
12:   return !!argv[argc];
13: }
14: int t(void) { void ((*volatile p)()); p = (void ((*)()))init_ode_; return !p; }
/* end */

"gcc -o conftest -I/usr/include/x86_64-linux-gnu/ruby-2.7.0 -I/usr/include/ruby-2.7.0/ruby/backward -I/usr/include/ruby-2.7.0 -I. -Wdate-time -D_FORTIFY_SOURCE=2   -g -O2 -fdebug-prefix-map=/build/ruby2.7-sl7GmE/ruby2.7-2.7.0=. -fstack-protector-strong -Wformat -Werror=format-security -fPIC conftest.c  -L. -L/usr/lib/x86_64-linux-gnu -L. -Wl,-Bsymbolic-functions -Wl,-z,relro -Wl,-z,now -fstack-protector-strong -rdynamic -Wl,-export-dynamic -lm -L./Model_ODE -L./LIMEX4_3A -Wl,-rpath,.:/home/tom/Work/Programs/ZIB_RubyExt/ext/LimexDL/Model_ODE:/home/tom/Work/Programs/ZIB_RubyExt/ext/LimexDL/LIMEX4_3A     -lODEydot -lODEydot -lLIMEX4_3A  -lruby-2.7 -lODEydot -lODEydot -lODEydot -lLIMEX4_3A  -lm   -lc"
checked program was:
/* begin */
 1: #include "ruby.h"
 2: 
 3: /*top*/
 4: extern int t(void);
 5: int main(int argc, char **argv)
 6: {
 7:   if (argc > 1000000) {
 8:     int (* volatile tp)(void)=(int (*)(void))&t;
 9:     printf("%d", (*tp)());
10:   }
11: 
12:   return !!argv[argc];
13: }
14: extern void init_ode_();
15: int t(void) { init_ode_(); return 0; }
/* end */

--------------------

have_library: checking for get_model_ids_() in -lODEydot... -------------------- yes

"gcc -o conftest -I/usr/include/x86_64-linux-gnu/ruby-2.7.0 -I/usr/include/ruby-2.7.0/ruby/backward -I/usr/include/ruby-2.7.0 -I. -Wdate-time -D_FORTIFY_SOURCE=2   -g -O2 -fdebug-prefix-map=/build/ruby2.7-sl7GmE/ruby2.7-2.7.0=. -fstack-protector-strong -Wformat -Werror=format-security -fPIC conftest.c  -L. -L/usr/lib/x86_64-linux-gnu -L. -Wl,-Bsymbolic-functions -Wl,-z,relro -Wl,-z,now -fstack-protector-strong -rdynamic -Wl,-export-dynamic -lm -L./Model_ODE -L./LIMEX4_3A -Wl,-rpath,.:/home/tom/Work/Programs/ZIB_RubyExt/ext/LimexDL/Model_ODE:/home/tom/Work/Programs/ZIB_RubyExt/ext/LimexDL/LIMEX4_3A     -lODEydot -lODEydot -lODEydot -lLIMEX4_3A  -lruby-2.7 -lODEydot -lODEydot -lODEydot -lODEydot -lLIMEX4_3A  -lm   -lc"
conftest.c: In function ‘t’:
conftest.c:14:57: error: ‘get_model_ids_’ undeclared (first use in this function)
   14 | int t(void) { void ((*volatile p)()); p = (void ((*)()))get_model_ids_; return !p; }
      |                                                         ^~~~~~~~~~~~~~
conftest.c:14:57: note: each undeclared identifier is reported only once for each function it appears in
checked program was:
/* begin */
 1: #include "ruby.h"
 2: 
 3: /*top*/
 4: extern int t(void);
 5: int main(int argc, char **argv)
 6: {
 7:   if (argc > 1000000) {
 8:     int (* volatile tp)(void)=(int (*)(void))&t;
 9:     printf("%d", (*tp)());
10:   }
11: 
12:   return !!argv[argc];
13: }
14: int t(void) { void ((*volatile p)()); p = (void ((*)()))get_model_ids_; return !p; }
/* end */

"gcc -o conftest -I/usr/include/x86_64-linux-gnu/ruby-2.7.0 -I/usr/include/ruby-2.7.0/ruby/backward -I/usr/include/ruby-2.7.0 -I. -Wdate-time -D_FORTIFY_SOURCE=2   -g -O2 -fdebug-prefix-map=/build/ruby2.7-sl7GmE/ruby2.7-2.7.0=. -fstack-protector-strong -Wformat -Werror=format-security -fPIC conftest.c  -L. -L/usr/lib/x86_64-linux-gnu -L. -Wl,-Bsymbolic-functions -Wl,-z,relro -Wl,-z,now -fstack-protector-strong -rdynamic -Wl,-export-dynamic -lm -L./Model_ODE -L./LIMEX4_3A -Wl,-rpath,.:/home/tom/Work/Programs/ZIB_RubyExt/ext/LimexDL/Model_ODE:/home/tom/Work/Programs/ZIB_RubyExt/ext/LimexDL/LIMEX4_3A     -lODEydot -lODEydot -lODEydot -lLIMEX4_3A  -lruby-2.7 -lODEydot -lODEydot -lODEydot -lODEydot -lLIMEX4_3A  -lm   -lc"
checked program was:
/* begin */
 1: #include "ruby.h"
 2: 
 3: /*top*/
 4: extern int t(void);
 5: int main(int argc, char **argv)
 6: {
 7:   if (argc > 1000000) {
 8:     int (* volatile tp)(void)=(int (*)(void))&t;
 9:     printf("%d", (*tp)());
10:   }
11: 
12:   return !!argv[argc];
13: }
14: extern void get_model_ids_();
15: int t(void) { get_model_ids_(); return 0; }
/* end */

--------------------

