This file contains any messages produced by compilers while
running configure, to aid debugging if configure makes a mistake.

It was created by adolc configure 2.5.2, which was
generated by GNU Autoconf 2.69.  Invocation command line was

  $ ./configure --prefix=/home/tom/Work/Programs/ZIB_RubyExt/pkg --enable-atrig-erf --enable-tserrno --disable-static

## --------- ##
## Platform. ##
## --------- ##

hostname = flying
uname -m = x86_64
uname -r = 5.15.13-051513-generic
uname -s = Linux
uname -v = #202201050731 SMP Wed Jan 5 13:05:30 UTC 2022

/usr/bin/uname -p = unknown
/bin/uname -X     = unknown

/bin/arch              = unknown
/usr/bin/arch -k       = unknown
/usr/convex/getsysinfo = unknown
/usr/bin/hostinfo      = unknown
/bin/machine           = unknown
/usr/bin/oslevel       = unknown
/bin/universe          = unknown

PATH: /home/tom/bin
PATH: /usr/local/cuda/bin
PATH: /home/tom/bin
PATH: /usr/local/sbin
PATH: /usr/local/bin
PATH: /usr/sbin
PATH: /usr/bin
PATH: /sbin
PATH: /bin
PATH: /usr/games
PATH: /usr/local/games
PATH: /snap/bin
PATH: /home/tom/.rvm/bin
PATH: /home/tom/.rvm/bin


## ----------- ##
## Core tests. ##
## ----------- ##

configure:2840: checking for a BSD-compatible install
configure:2908: result: /usr/bin/install -c
configure:2919: checking whether build environment is sane
configure:2974: result: yes
configure:3123: checking for a thread-safe mkdir -p
configure:3162: result: /bin/mkdir -p
configure:3169: checking for gawk
configure:3185: found /usr/bin/gawk
configure:3196: result: gawk
configure:3207: checking whether make sets $(MAKE)
configure:3229: result: yes
configure:3258: checking whether make supports nested variables
configure:3275: result: yes
configure:3360: checking whether to enable maintainer-specific portions of Makefiles
configure:3369: result: no
configure:3393: checking whether make supports nested variables
configure:3410: result: yes
configure:3454: checking whether to build ADOL-C with adjoinable MPI (AMPI) support
configure:3463: result: no
configure:3538: checking for g++
configure:3554: found /usr/bin/g++
configure:3565: result: g++
configure:3592: checking for C++ compiler version
configure:3601: g++ --version >&5
g++ (Ubuntu 9.3.0-17ubuntu1~20.04) 9.3.0
Copyright (C) 2019 Free Software Foundation, Inc.
This is free software; see the source for copying conditions.  There is NO
warranty; not even for MERCHANTABILITY or FITNESS FOR A PARTICULAR PURPOSE.

configure:3612: $? = 0
configure:3601: g++ -v >&5
Using built-in specs.
COLLECT_GCC=g++
COLLECT_LTO_WRAPPER=/usr/lib/gcc/x86_64-linux-gnu/9/lto-wrapper
OFFLOAD_TARGET_NAMES=nvptx-none:hsa
OFFLOAD_TARGET_DEFAULT=1
Target: x86_64-linux-gnu
Configured with: ../src/configure -v --with-pkgversion='Ubuntu 9.3.0-17ubuntu1~20.04' --with-bugurl=file:///usr/share/doc/gcc-9/README.Bugs --enable-languages=c,ada,c++,go,brig,d,fortran,objc,obj-c++,gm2 --prefix=/usr --with-gcc-major-version-only --program-suffix=-9 --program-prefix=x86_64-linux-gnu- --enable-shared --enable-linker-build-id --libexecdir=/usr/lib --without-included-gettext --enable-threads=posix --libdir=/usr/lib --enable-nls --enable-clocale=gnu --enable-libstdcxx-debug --enable-libstdcxx-time=yes --with-default-libstdcxx-abi=new --enable-gnu-unique-object --disable-vtable-verify --enable-plugin --enable-default-pie --with-system-zlib --with-target-system-zlib=auto --enable-objc-gc=auto --enable-multiarch --disable-werror --with-arch-32=i686 --with-abi=m64 --with-multilib-list=m32,m64,mx32 --enable-multilib --with-tune=generic --enable-offload-targets=nvptx-none=/build/gcc-9-HskZEa/gcc-9-9.3.0/debian/tmp-nvptx/usr,hsa --without-cuda-driver --enable-checking=release --build=x86_64-linux-gnu --host=x86_64-linux-gnu --target=x86_64-linux-gnu
Thread model: posix
gcc version 9.3.0 (Ubuntu 9.3.0-17ubuntu1~20.04) 
configure:3612: $? = 0
configure:3601: g++ -V >&5
g++: error: unrecognized command line option '-V'
g++: fatal error: no input files
compilation terminated.
configure:3612: $? = 1
configure:3601: g++ -qversion >&5
g++: error: unrecognized command line option '-qversion'; did you mean '--version'?
g++: fatal error: no input files
compilation terminated.
configure:3612: $? = 1
configure:3632: checking whether the C++ compiler works
configure:3654: g++    conftest.cpp  >&5
configure:3658: $? = 0
configure:3706: result: yes
configure:3709: checking for C++ compiler default output file name
configure:3711: result: a.out
configure:3717: checking for suffix of executables
configure:3724: g++ -o conftest    conftest.cpp  >&5
configure:3728: $? = 0
configure:3750: result: 
configure:3772: checking whether we are cross compiling
configure:3780: g++ -o conftest    conftest.cpp  >&5
configure:3784: $? = 0
configure:3791: ./conftest
configure:3795: $? = 0
configure:3783: result: no
configure:3788: checking for suffix of object files
configure:3810: g++ -c   conftest.cpp >&5
configure:3814: $? = 0
configure:3835: result: o
configure:3839: checking whether we are using the GNU C++ compiler
configure:3858: g++ -c   conftest.cpp >&5
configure:3858: $? = 0
configure:3867: result: yes
configure:3876: checking whether g++ accepts -g
configure:3896: g++ -c -g  conftest.cpp >&5
configure:3896: $? = 0
configure:3937: result: yes
configure:3971: checking for style of include used by make
configure:3999: result: GNU
configure:4025: checking dependency style of g++
configure:4136: result: gcc3
configure:4159: checking whether g++ supports C++11 features by default
configure:4185: g++ -c -g -O2  conftest.cpp >&5
configure:4185: $? = 0
configure:4192: result: yes
configure:4322: checking for gcc
configure:4338: found /usr/bin/gcc
configure:4349: result: gcc
configure:4578: checking for C compiler version
configure:4587: gcc --version >&5
gcc (Ubuntu 9.3.0-17ubuntu1~20.04) 9.3.0
Copyright (C) 2019 Free Software Foundation, Inc.
This is free software; see the source for copying conditions.  There is NO
warranty; not even for MERCHANTABILITY or FITNESS FOR A PARTICULAR PURPOSE.

configure:4598: $? = 0
configure:4587: gcc -v >&5
Using built-in specs.
COLLECT_GCC=gcc
COLLECT_LTO_WRAPPER=/usr/lib/gcc/x86_64-linux-gnu/9/lto-wrapper
OFFLOAD_TARGET_NAMES=nvptx-none:hsa
OFFLOAD_TARGET_DEFAULT=1
Target: x86_64-linux-gnu
Configured with: ../src/configure -v --with-pkgversion='Ubuntu 9.3.0-17ubuntu1~20.04' --with-bugurl=file:///usr/share/doc/gcc-9/README.Bugs --enable-languages=c,ada,c++,go,brig,d,fortran,objc,obj-c++,gm2 --prefix=/usr --with-gcc-major-version-only --program-suffix=-9 --program-prefix=x86_64-linux-gnu- --enable-shared --enable-linker-build-id --libexecdir=/usr/lib --without-included-gettext --enable-threads=posix --libdir=/usr/lib --enable-nls --enable-clocale=gnu --enable-libstdcxx-debug --enable-libstdcxx-time=yes --with-default-libstdcxx-abi=new --enable-gnu-unique-object --disable-vtable-verify --enable-plugin --enable-default-pie --with-system-zlib --with-target-system-zlib=auto --enable-objc-gc=auto --enable-multiarch --disable-werror --with-arch-32=i686 --with-abi=m64 --with-multilib-list=m32,m64,mx32 --enable-multilib --with-tune=generic --enable-offload-targets=nvptx-none=/build/gcc-9-HskZEa/gcc-9-9.3.0/debian/tmp-nvptx/usr,hsa --without-cuda-driver --enable-checking=release --build=x86_64-linux-gnu --host=x86_64-linux-gnu --target=x86_64-linux-gnu
Thread model: posix
gcc version 9.3.0 (Ubuntu 9.3.0-17ubuntu1~20.04) 
configure:4598: $? = 0
configure:4587: gcc -V >&5
gcc: error: unrecognized command line option '-V'
gcc: fatal error: no input files
compilation terminated.
configure:4598: $? = 1
configure:4587: gcc -qversion >&5
gcc: error: unrecognized command line option '-qversion'; did you mean '--version'?
gcc: fatal error: no input files
compilation terminated.
configure:4598: $? = 1
configure:4602: checking whether we are using the GNU C compiler
configure:4621: gcc -c   conftest.c >&5
configure:4621: $? = 0
configure:4630: result: yes
configure:4639: checking whether gcc accepts -g
configure:4659: gcc -c -g  conftest.c >&5
configure:4659: $? = 0
configure:4700: result: yes
configure:4717: checking for gcc option to accept ISO C89
configure:4780: gcc  -c -g -O2  conftest.c >&5
configure:4780: $? = 0
configure:4793: result: none needed
configure:4815: checking dependency style of gcc
configure:4926: result: gcc3
configure:4941: checking for gcc option to accept ISO C99
configure:5090: gcc  -c -g -O2  conftest.c >&5
configure:5090: $? = 0
configure:5103: result: none needed
configure:5123: checking how to run the C preprocessor
configure:5154: gcc -E  conftest.c
configure:5154: $? = 0
configure:5168: gcc -E  conftest.c
conftest.c:12:10: fatal error: ac_nonexistent.h: No such file or directory
   12 | #include <ac_nonexistent.h>
      |          ^~~~~~~~~~~~~~~~~~
compilation terminated.
configure:5168: $? = 1
configure: failed program was:
| /* confdefs.h */
| #define PACKAGE_NAME "adolc"
| #define PACKAGE_TARNAME "adolc"
| #define PACKAGE_VERSION "2.5.2"
| #define PACKAGE_STRING "adolc 2.5.2"
| #define PACKAGE_BUGREPORT "adol-c@list.coin-or.org"
| #define PACKAGE_URL ""
| #define PACKAGE "adolc"
| #define VERSION "2.5.2"
| #define HAVE_CXX11 1
| /* end confdefs.h.  */
| #include <ac_nonexistent.h>
configure:5193: result: gcc -E
configure:5213: gcc -E  conftest.c
configure:5213: $? = 0
configure:5227: gcc -E  conftest.c
conftest.c:12:10: fatal error: ac_nonexistent.h: No such file or directory
   12 | #include <ac_nonexistent.h>
      |          ^~~~~~~~~~~~~~~~~~
compilation terminated.
configure:5227: $? = 1
configure: failed program was:
| /* confdefs.h */
| #define PACKAGE_NAME "adolc"
| #define PACKAGE_TARNAME "adolc"
| #define PACKAGE_VERSION "2.5.2"
| #define PACKAGE_STRING "adolc 2.5.2"
| #define PACKAGE_BUGREPORT "adol-c@list.coin-or.org"
| #define PACKAGE_URL ""
| #define PACKAGE "adolc"
| #define VERSION "2.5.2"
| #define HAVE_CXX11 1
| /* end confdefs.h.  */
| #include <ac_nonexistent.h>
configure:5256: checking whether ln -s works
configure:5260: result: yes
configure:5267: checking whether make sets $(MAKE)
configure:5289: result: yes
configure:5302: checking build system type
configure:5316: result: x86_64-unknown-linux-gnu
configure:5336: checking host system type
configure:5349: result: x86_64-unknown-linux-gnu
configure:5718: checking how to print strings
configure:5745: result: printf
configure:5766: checking for a sed that does not truncate output
configure:5830: result: /bin/sed
configure:5848: checking for grep that handles long lines and -e
configure:5906: result: /bin/grep
configure:5911: checking for egrep
configure:5973: result: /bin/grep -E
configure:5978: checking for fgrep
configure:6040: result: /bin/grep -F
configure:6075: checking for ld used by gcc
configure:6142: result: /usr/bin/ld
configure:6149: checking if the linker (/usr/bin/ld) is GNU ld
configure:6164: result: yes
configure:6176: checking for BSD- or MS-compatible name lister (nm)
configure:6225: result: /usr/bin/nm -B
configure:6355: checking the name lister (/usr/bin/nm -B) interface
configure:6362: gcc -c -g -O2  conftest.c >&5
configure:6365: /usr/bin/nm -B "conftest.o"
configure:6368: output
0000000000000000 B some_variable
configure:6369: result: BSD nm
configure:6373: checking the maximum length of command line arguments
configure:6503: result: 1572864
configure:6520: checking whether the shell understands some XSI constructs
configure:6529: result: yes
configure:6533: checking whether the shell understands "+="
configure:6537: result: yes
configure:6572: checking how to convert x86_64-unknown-linux-gnu file names to x86_64-unknown-linux-gnu format
configure:6612: result: func_convert_file_noop
configure:6619: checking how to convert x86_64-unknown-linux-gnu file names to toolchain format
configure:6639: result: func_convert_file_noop
configure:6646: checking for /usr/bin/ld option to reload object files
configure:6653: result: -r
configure:6727: checking for objdump
configure:6754: result: objdump
configure:6783: checking how to recognize dependent libraries
configure:6985: result: pass_all
configure:7070: checking for dlltool
configure:7097: result: dlltool
configure:7127: checking how to associate runtime and link libraries
configure:7154: result: printf %s\n
configure:7215: checking for ar
configure:7231: found /usr/bin/ar
configure:7242: result: ar
configure:7279: checking for archiver @FILE support
configure:7296: gcc -c -g -O2  conftest.c >&5
configure:7296: $? = 0
configure:7299: ar cru libconftest.a @conftest.lst >&5
ar: `u' modifier ignored since `D' is the default (see `U')
configure:7302: $? = 0
configure:7307: ar cru libconftest.a @conftest.lst >&5
ar: `u' modifier ignored since `D' is the default (see `U')
ar: conftest.o: No such file or directory
configure:7310: $? = 1
configure:7309: result: @
configure:7367: checking for strip
configure:7383: found /usr/bin/strip
configure:7394: result: strip
configure:7466: checking for ranlib
configure:7482: found /usr/bin/ranlib
configure:7493: result: ranlib
configure:7595: checking command to parse /usr/bin/nm -B output from gcc object
configure:7715: gcc -c -g -O2  conftest.c >&5
configure:7718: $? = 0
configure:7722: /usr/bin/nm -B conftest.o \| sed -n -e 's/^.*[ ]\([ABCDGIRSTW][ABCDGIRSTW]*\)[ ][ ]*\([_A-Za-z][_A-Za-z0-9]*\)$/\1 \2 \2/p' | sed '/ __gnu_lto/d' \> conftest.nm
configure:7725: $? = 0
configure:7791: gcc -o conftest -g -O2   conftest.c conftstm.o >&5
configure:7794: $? = 0
configure:7832: result: ok
configure:7869: checking for sysroot
configure:7899: result: no
configure:7976: gcc -c -g -O2  conftest.c >&5
configure:7979: $? = 0
configure:8155: checking for mt
configure:8171: found /bin/mt
configure:8182: result: mt
configure:8205: checking if mt is a manifest tool
configure:8211: mt '-?'
configure:8219: result: no
configure:8857: checking for ANSI C header files
configure:8877: gcc -c -g -O2  conftest.c >&5
configure:8877: $? = 0
configure:8950: gcc -o conftest -g -O2   conftest.c  >&5
configure:8950: $? = 0
configure:8950: ./conftest
configure:8950: $? = 0
configure:8961: result: yes
configure:8974: checking for sys/types.h
configure:8974: gcc -c -g -O2  conftest.c >&5
configure:8974: $? = 0
configure:8974: result: yes
configure:8974: checking for sys/stat.h
configure:8974: gcc -c -g -O2  conftest.c >&5
configure:8974: $? = 0
configure:8974: result: yes
configure:8974: checking for stdlib.h
configure:8974: gcc -c -g -O2  conftest.c >&5
configure:8974: $? = 0
configure:8974: result: yes
configure:8974: checking for string.h
configure:8974: gcc -c -g -O2  conftest.c >&5
configure:8974: $? = 0
configure:8974: result: yes
configure:8974: checking for memory.h
configure:8974: gcc -c -g -O2  conftest.c >&5
configure:8974: $? = 0
configure:8974: result: yes
configure:8974: checking for strings.h
configure:8974: gcc -c -g -O2  conftest.c >&5
configure:8974: $? = 0
configure:8974: result: yes
configure:8974: checking for inttypes.h
configure:8974: gcc -c -g -O2  conftest.c >&5
configure:8974: $? = 0
configure:8974: result: yes
configure:8974: checking for stdint.h
configure:8974: gcc -c -g -O2  conftest.c >&5
configure:8974: $? = 0
configure:8974: result: yes
configure:8974: checking for unistd.h
configure:8974: gcc -c -g -O2  conftest.c >&5
configure:8974: $? = 0
configure:8974: result: yes
configure:8988: checking for dlfcn.h
configure:8988: gcc -c -g -O2  conftest.c >&5
configure:8988: $? = 0
configure:8988: result: yes
configure:9202: checking for objdir
configure:9217: result: .libs
configure:9488: checking if gcc supports -fno-rtti -fno-exceptions
configure:9506: gcc -c -g -O2  -fno-rtti -fno-exceptions conftest.c >&5
cc1: warning: command line option '-fno-rtti' is valid for C++/D/ObjC++ but not for C
configure:9510: $? = 0
configure:9523: result: no
configure:9850: checking for gcc option to produce PIC
configure:9857: result: -fPIC -DPIC
configure:9865: checking if gcc PIC flag -fPIC -DPIC works
configure:9883: gcc -c -g -O2  -fPIC -DPIC -DPIC conftest.c >&5
configure:9887: $? = 0
configure:9900: result: yes
configure:9929: checking if gcc static flag -static works
configure:9957: result: yes
configure:9972: checking if gcc supports -c -o file.o
configure:9993: gcc -c -g -O2  -o out/conftest2.o conftest.c >&5
configure:9997: $? = 0
configure:10019: result: yes
configure:10027: checking if gcc supports -c -o file.o
configure:10074: result: yes
configure:10107: checking whether the gcc linker (/usr/bin/ld -m elf_x86_64) supports shared libraries
configure:11260: result: yes
configure:11297: checking whether -lc should be explicitly linked in
configure:11305: gcc -c -g -O2  conftest.c >&5
configure:11308: $? = 0
configure:11323: gcc -shared  -fPIC -DPIC conftest.o  -v -Wl,-soname -Wl,conftest -o conftest 2\>\&1 \| /bin/grep  -lc  \>/dev/null 2\>\&1
configure:11326: $? = 0
configure:11340: result: no
configure:11500: checking dynamic linker characteristics
configure:12011: gcc -o conftest -g -O2   -Wl,-rpath -Wl,/foo conftest.c  >&5
configure:12011: $? = 0
configure:12233: result: GNU/Linux ld.so
configure:12340: checking how to hardcode library paths into programs
configure:12365: result: immediate
configure:12905: checking whether stripping libraries is possible
configure:12910: result: yes
configure:12945: checking if libtool supports shared libraries
configure:12947: result: yes
configure:12950: checking whether to build shared libraries
configure:12971: result: yes
configure:12974: checking whether to build static libraries
configure:12978: result: no
configure:10011: checking how to run the C++ preprocessor
configure:10038: g++ -E  conftest.cpp
configure:10038: $? = 0
configure:10052: g++ -E  conftest.cpp
conftest.cpp:24:10: fatal error: ac_nonexistent.h: No such file or directory
   24 | #include <ac_nonexistent.h>
      |          ^~~~~~~~~~~~~~~~~~
compilation terminated.
configure:10052: $? = 1
configure: failed program was:
| /* confdefs.h */
| #define PACKAGE_NAME "adolc"
| #define PACKAGE_TARNAME "adolc"
| #define PACKAGE_VERSION "2.5.2"
| #define PACKAGE_STRING "adolc 2.5.2"
| #define PACKAGE_BUGREPORT "adol-c@list.coin-or.org"
| #define PACKAGE_URL ""
| #define PACKAGE "adolc"
| #define VERSION "2.5.2"
| #define HAVE_CXX11 1
| #define STDC_HEADERS 1
| #define HAVE_SYS_TYPES_H 1
| #define HAVE_SYS_STAT_H 1
| #define HAVE_STDLIB_H 1
| #define HAVE_STRING_H 1
| #define HAVE_MEMORY_H 1
| #define HAVE_STRINGS_H 1
| #define HAVE_INTTYPES_H 1
| #define HAVE_STDINT_H 1
| #define HAVE_UNISTD_H 1
| #define HAVE_DLFCN_H 1
| #define LT_OBJDIR ".libs/"
| /* end confdefs.h.  */
| #include <ac_nonexistent.h>
configure:10077: result: g++ -E
configure:10097: g++ -E  conftest.cpp
configure:10097: $? = 0
configure:10111: g++ -E  conftest.cpp
conftest.cpp:24:10: fatal error: ac_nonexistent.h: No such file or directory
   24 | #include <ac_nonexistent.h>
      |          ^~~~~~~~~~~~~~~~~~
compilation terminated.
configure:10111: $? = 1
configure: failed program was:
| /* confdefs.h */
| #define PACKAGE_NAME "adolc"
| #define PACKAGE_TARNAME "adolc"
| #define PACKAGE_VERSION "2.5.2"
| #define PACKAGE_STRING "adolc 2.5.2"
| #define PACKAGE_BUGREPORT "adol-c@list.coin-or.org"
| #define PACKAGE_URL ""
| #define PACKAGE "adolc"
| #define VERSION "2.5.2"
| #define HAVE_CXX11 1
| #define STDC_HEADERS 1
| #define HAVE_SYS_TYPES_H 1
| #define HAVE_SYS_STAT_H 1
| #define HAVE_STDLIB_H 1
| #define HAVE_STRING_H 1
| #define HAVE_MEMORY_H 1
| #define HAVE_STRINGS_H 1
| #define HAVE_INTTYPES_H 1
| #define HAVE_STDINT_H 1
| #define HAVE_UNISTD_H 1
| #define HAVE_DLFCN_H 1
| #define LT_OBJDIR ".libs/"
| /* end confdefs.h.  */
| #include <ac_nonexistent.h>
configure:10280: checking for ld used by g++
configure:10347: result: /usr/bin/ld -m elf_x86_64
configure:10354: checking if the linker (/usr/bin/ld -m elf_x86_64) is GNU ld
configure:10369: result: yes
configure:10424: checking whether the g++ linker (/usr/bin/ld -m elf_x86_64) supports shared libraries
configure:11429: result: yes
configure:11465: g++ -c -g -O2  conftest.cpp >&5
configure:11468: $? = 0
configure:11988: checking for g++ option to produce PIC
configure:11995: result: -fPIC -DPIC
configure:12003: checking if g++ PIC flag -fPIC -DPIC works
configure:12021: g++ -c -g -O2  -fPIC -DPIC -DPIC conftest.cpp >&5
configure:12025: $? = 0
configure:12038: result: yes
configure:12061: checking if g++ static flag -static works
configure:12089: result: yes
configure:12101: checking if g++ supports -c -o file.o
configure:12122: g++ -c -g -O2  -o out/conftest2.o conftest.cpp >&5
configure:12126: $? = 0
configure:12148: result: yes
configure:12153: checking if g++ supports -c -o file.o
configure:12200: result: yes
configure:12230: checking whether the g++ linker (/usr/bin/ld -m elf_x86_64) supports shared libraries
configure:12266: result: yes
configure:12407: checking dynamic linker characteristics
configure:13074: result: GNU/Linux ld.so
configure:13127: checking how to hardcode library paths into programs
configure:13152: result: immediate
configure:12238: checking size of void *
configure:12243: gcc -o conftest -g -O2   conftest.c  >&5
configure:12243: $? = 0
configure:12243: ./conftest
configure:12243: $? = 0
configure:12257: result: 8
configure:12280: checking for __builtin_expect
configure:12303: gcc -o conftest -g -O2   conftest.c  >&5
configure:12303: $? = 0
configure:12305: result: yes
configure:12322: checking for ANSI C header files
configure:12426: result: yes
configure:12434: checking whether time.h and sys/time.h may both be included
configure:12454: gcc -c -g -O2  conftest.c >&5
configure:12454: $? = 0
configure:12461: result: yes
configure:12469: checking for stdbool.h that conforms to C99
configure:12536: gcc -c -g -O2  conftest.c >&5
configure:12536: $? = 0
configure:12543: result: yes
configure:12545: checking for _Bool
configure:12545: gcc -c -g -O2  conftest.c >&5
configure:12545: $? = 0
configure:12545: gcc -c -g -O2  conftest.c >&5
conftest.c: In function 'main':
conftest.c:64:20: error: expected expression before ')' token
   64 | if (sizeof ((_Bool)))
      |                    ^
configure:12545: $? = 1
configure: failed program was:
| /* confdefs.h */
| #define PACKAGE_NAME "adolc"
| #define PACKAGE_TARNAME "adolc"
| #define PACKAGE_VERSION "2.5.2"
| #define PACKAGE_STRING "adolc 2.5.2"
| #define PACKAGE_BUGREPORT "adol-c@list.coin-or.org"
| #define PACKAGE_URL ""
| #define PACKAGE "adolc"
| #define VERSION "2.5.2"
| #define HAVE_CXX11 1
| #define STDC_HEADERS 1
| #define HAVE_SYS_TYPES_H 1
| #define HAVE_SYS_STAT_H 1
| #define HAVE_STDLIB_H 1
| #define HAVE_STRING_H 1
| #define HAVE_MEMORY_H 1
| #define HAVE_STRINGS_H 1
| #define HAVE_INTTYPES_H 1
| #define HAVE_STDINT_H 1
| #define HAVE_UNISTD_H 1
| #define HAVE_DLFCN_H 1
| #define LT_OBJDIR ".libs/"
| #define SIZEOF_VOID_P 8
| #define HAVE_BUILTIN_EXPECT 1
| #define STDC_HEADERS 1
| #define TIME_WITH_SYS_TIME 1
| /* end confdefs.h.  */
| #include <stdio.h>
| #ifdef HAVE_SYS_TYPES_H
| # include <sys/types.h>
| #endif
| #ifdef HAVE_SYS_STAT_H
| # include <sys/stat.h>
| #endif
| #ifdef STDC_HEADERS
| # include <stdlib.h>
| # include <stddef.h>
| #else
| # ifdef HAVE_STDLIB_H
| #  include <stdlib.h>
| # endif
| #endif
| #ifdef HAVE_STRING_H
| # if !defined STDC_HEADERS && defined HAVE_MEMORY_H
| #  include <memory.h>
| # endif
| # include <string.h>
| #endif
| #ifdef HAVE_STRINGS_H
| # include <strings.h>
| #endif
| #ifdef HAVE_INTTYPES_H
| # include <inttypes.h>
| #endif
| #ifdef HAVE_STDINT_H
| # include <stdint.h>
| #endif
| #ifdef HAVE_UNISTD_H
| # include <unistd.h>
| #endif
| int
| main ()
| {
| if (sizeof ((_Bool)))
| 	    return 0;
|   ;
|   return 0;
| }
configure:12545: result: yes
configure:12565: checking stddef.h usability
configure:12565: gcc -c -g -O2  conftest.c >&5
configure:12565: $? = 0
configure:12565: result: yes
configure:12565: checking stddef.h presence
configure:12565: gcc -E  conftest.c
configure:12565: $? = 0
configure:12565: result: yes
configure:12565: checking for stddef.h
configure:12565: result: yes
configure:12565: checking for stdlib.h
configure:12565: result: yes
configure:12565: checking stdio.h usability
configure:12565: gcc -c -g -O2  conftest.c >&5
configure:12565: $? = 0
configure:12565: result: yes
configure:12565: checking stdio.h presence
configure:12565: gcc -E  conftest.c
configure:12565: $? = 0
configure:12565: result: yes
configure:12565: checking for stdio.h
configure:12565: result: yes
configure:12565: checking for string.h
configure:12565: result: yes
configure:12565: checking for unistd.h
configure:12565: result: yes
configure:12565: checking sys/timeb.h usability
configure:12565: gcc -c -g -O2  conftest.c >&5
configure:12565: $? = 0
configure:12565: result: yes
configure:12565: checking sys/timeb.h presence
configure:12565: gcc -E  conftest.c
configure:12565: $? = 0
configure:12565: result: yes
configure:12565: checking for sys/timeb.h
configure:12565: result: yes
configure:12577: checking for an ANSI C-conforming const
configure:12643: gcc -c -g -O2  conftest.c >&5
configure:12643: $? = 0
configure:12650: result: yes
configure:12658: checking for inline
configure:12674: gcc -c -g -O2  conftest.c >&5
configure:12674: $? = 0
configure:12682: result: inline
configure:12700: checking for size_t
configure:12700: gcc -c -g -O2  conftest.c >&5
configure:12700: $? = 0
configure:12700: gcc -c -g -O2  conftest.c >&5
conftest.c: In function 'main':
conftest.c:72:21: error: expected expression before ')' token
   72 | if (sizeof ((size_t)))
      |                     ^
configure:12700: $? = 1
configure: failed program was:
| /* confdefs.h */
| #define PACKAGE_NAME "adolc"
| #define PACKAGE_TARNAME "adolc"
| #define PACKAGE_VERSION "2.5.2"
| #define PACKAGE_STRING "adolc 2.5.2"
| #define PACKAGE_BUGREPORT "adol-c@list.coin-or.org"
| #define PACKAGE_URL ""
| #define PACKAGE "adolc"
| #define VERSION "2.5.2"
| #define HAVE_CXX11 1
| #define STDC_HEADERS 1
| #define HAVE_SYS_TYPES_H 1
| #define HAVE_SYS_STAT_H 1
| #define HAVE_STDLIB_H 1
| #define HAVE_STRING_H 1
| #define HAVE_MEMORY_H 1
| #define HAVE_STRINGS_H 1
| #define HAVE_INTTYPES_H 1
| #define HAVE_STDINT_H 1
| #define HAVE_UNISTD_H 1
| #define HAVE_DLFCN_H 1
| #define LT_OBJDIR ".libs/"
| #define SIZEOF_VOID_P 8
| #define HAVE_BUILTIN_EXPECT 1
| #define STDC_HEADERS 1
| #define TIME_WITH_SYS_TIME 1
| #define HAVE__BOOL 1
| #define HAVE_STDBOOL_H 1
| #define HAVE_STDDEF_H 1
| #define HAVE_STDLIB_H 1
| #define HAVE_STDIO_H 1
| #define HAVE_STRING_H 1
| #define HAVE_UNISTD_H 1
| #define HAVE_SYS_TIMEB_H 1
| /* end confdefs.h.  */
| #include <stdio.h>
| #ifdef HAVE_SYS_TYPES_H
| # include <sys/types.h>
| #endif
| #ifdef HAVE_SYS_STAT_H
| # include <sys/stat.h>
| #endif
| #ifdef STDC_HEADERS
| # include <stdlib.h>
| # include <stddef.h>
| #else
| # ifdef HAVE_STDLIB_H
| #  include <stdlib.h>
| # endif
| #endif
| #ifdef HAVE_STRING_H
| # if !defined STDC_HEADERS && defined HAVE_MEMORY_H
| #  include <memory.h>
| # endif
| # include <string.h>
| #endif
| #ifdef HAVE_STRINGS_H
| # include <strings.h>
| #endif
| #ifdef HAVE_INTTYPES_H
| # include <inttypes.h>
| #endif
| #ifdef HAVE_STDINT_H
| # include <stdint.h>
| #endif
| #ifdef HAVE_UNISTD_H
| # include <unistd.h>
| #endif
| int
| main ()
| {
| if (sizeof ((size_t)))
| 	    return 0;
|   ;
|   return 0;
| }
configure:12700: result: yes
configure:12711: checking whether struct tm is in sys/time.h or time.h
configure:12731: gcc -c -g -O2  conftest.c >&5
configure:12731: $? = 0
configure:12738: result: time.h
configure:12750: checking for stdlib.h
configure:12750: result: yes
configure:12760: checking for GNU libc compatible malloc
configure:12784: gcc -o conftest -g -O2   conftest.c  >&5
configure:12784: $? = 0
configure:12784: ./conftest
configure:12784: $? = 0
configure:12794: result: yes
configure:12817: checking for stdlib.h
configure:12817: result: yes
configure:12827: checking for GNU libc compatible realloc
configure:12851: gcc -o conftest -g -O2   conftest.c  >&5
configure:12851: $? = 0
configure:12851: ./conftest
configure:12851: $? = 0
configure:12861: result: yes
configure:12891: checking for library containing pow
configure:12922: gcc -o conftest -g -O2   conftest.c  >&5
conftest.c:47:6: warning: conflicting types for built-in function 'pow'; expected 'double(double,  double)' [-Wbuiltin-declaration-mismatch]
   47 | char pow ();
      |      ^~~
conftest.c:1:1: note: 'pow' is declared in header '<math.h>'
    1 | /* confdefs.h */
/usr/bin/ld: /tmp/cc4hIKzl.o: in function `main':
/home/tom/Work/Programs/ZIB_RubyExt/pkg/ADOL-C-2.5.2/conftest.c:51: undefined reference to `pow'
collect2: error: ld returned 1 exit status
configure:12922: $? = 1
configure: failed program was:
| /* confdefs.h */
| #define PACKAGE_NAME "adolc"
| #define PACKAGE_TARNAME "adolc"
| #define PACKAGE_VERSION "2.5.2"
| #define PACKAGE_STRING "adolc 2.5.2"
| #define PACKAGE_BUGREPORT "adol-c@list.coin-or.org"
| #define PACKAGE_URL ""
| #define PACKAGE "adolc"
| #define VERSION "2.5.2"
| #define HAVE_CXX11 1
| #define STDC_HEADERS 1
| #define HAVE_SYS_TYPES_H 1
| #define HAVE_SYS_STAT_H 1
| #define HAVE_STDLIB_H 1
| #define HAVE_STRING_H 1
| #define HAVE_MEMORY_H 1
| #define HAVE_STRINGS_H 1
| #define HAVE_INTTYPES_H 1
| #define HAVE_STDINT_H 1
| #define HAVE_UNISTD_H 1
| #define HAVE_DLFCN_H 1
| #define LT_OBJDIR ".libs/"
| #define SIZEOF_VOID_P 8
| #define HAVE_BUILTIN_EXPECT 1
| #define STDC_HEADERS 1
| #define TIME_WITH_SYS_TIME 1
| #define HAVE__BOOL 1
| #define HAVE_STDBOOL_H 1
| #define HAVE_STDDEF_H 1
| #define HAVE_STDLIB_H 1
| #define HAVE_STDIO_H 1
| #define HAVE_STRING_H 1
| #define HAVE_UNISTD_H 1
| #define HAVE_SYS_TIMEB_H 1
| #define HAVE_STDLIB_H 1
| #define HAVE_MALLOC 1
| #define HAVE_STDLIB_H 1
| #define HAVE_REALLOC 1
| /* end confdefs.h.  */
| 
| /* Override any GCC internal prototype to avoid an error.
|    Use char because int might match the return type of a GCC
|    builtin and then its argument prototype would still apply.  */
| #ifdef __cplusplus
| extern "C"
| #endif
| char pow ();
| int
| main ()
| {
| return pow ();
|   ;
|   return 0;
| }
configure:12922: gcc -o conftest -g -O2   conftest.c -lm   >&5
conftest.c:47:6: warning: conflicting types for built-in function 'pow'; expected 'double(double,  double)' [-Wbuiltin-declaration-mismatch]
   47 | char pow ();
      |      ^~~
conftest.c:1:1: note: 'pow' is declared in header '<math.h>'
    1 | /* confdefs.h */
configure:12922: $? = 0
configure:12939: result: -lm
configure:12950: checking for floor
configure:12950: gcc -o conftest -g -O2   conftest.c -lm  >&5
conftest.c:63:6: warning: conflicting types for built-in function 'floor'; expected 'double(double)' [-Wbuiltin-declaration-mismatch]
   63 | char floor ();
      |      ^~~~~
conftest.c:51:1: note: 'floor' is declared in header '<math.h>'
   50 | # include <limits.h>
   51 | #else
configure:12950: $? = 0
configure:12950: result: yes
configure:12950: checking for fmax
configure:12950: gcc -o conftest -g -O2   conftest.c -lm  >&5
conftest.c:64:6: warning: conflicting types for built-in function 'fmax'; expected 'double(double,  double)' [-Wbuiltin-declaration-mismatch]
   64 | char fmax ();
      |      ^~~~
conftest.c:52:1: note: 'fmax' is declared in header '<math.h>'
   51 | # include <limits.h>
   52 | #else
configure:12950: $? = 0
configure:12950: result: yes
configure:12950: checking for fmin
configure:12950: gcc -o conftest -g -O2   conftest.c -lm  >&5
conftest.c:65:6: warning: conflicting types for built-in function 'fmin'; expected 'double(double,  double)' [-Wbuiltin-declaration-mismatch]
   65 | char fmin ();
      |      ^~~~
conftest.c:53:1: note: 'fmin' is declared in header '<math.h>'
   52 | # include <limits.h>
   53 | #else
configure:12950: $? = 0
configure:12950: result: yes
configure:12950: checking for ftime
configure:12950: gcc -o conftest -g -O2   conftest.c -lm  >&5
configure:12950: $? = 0
configure:12950: result: yes
configure:12950: checking for pow
configure:12950: gcc -o conftest -g -O2   conftest.c -lm  >&5
conftest.c:67:6: warning: conflicting types for built-in function 'pow'; expected 'double(double,  double)' [-Wbuiltin-declaration-mismatch]
   67 | char pow ();
      |      ^~~
conftest.c:55:1: note: 'pow' is declared in header '<math.h>'
   54 | # include <limits.h>
   55 | #else
configure:12950: $? = 0
configure:12950: result: yes
configure:12950: checking for sqrt
configure:12950: gcc -o conftest -g -O2   conftest.c -lm  >&5
conftest.c:68:6: warning: conflicting types for built-in function 'sqrt'; expected 'double(double)' [-Wbuiltin-declaration-mismatch]
   68 | char sqrt ();
      |      ^~~~
conftest.c:56:1: note: 'sqrt' is declared in header '<math.h>'
   55 | # include <limits.h>
   56 | #else
configure:12950: $? = 0
configure:12950: result: yes
configure:12950: checking for strchr
configure:12950: gcc -o conftest -g -O2   conftest.c -lm  >&5
conftest.c:69:6: warning: conflicting types for built-in function 'strchr'; expected 'char *(const char *, int)' [-Wbuiltin-declaration-mismatch]
   69 | char strchr ();
      |      ^~~~~~
conftest.c:57:1: note: 'strchr' is declared in header '<string.h>'
   56 | # include <limits.h>
   57 | #else
configure:12950: $? = 0
configure:12950: result: yes
configure:12950: checking for strtol
configure:12950: gcc -o conftest -g -O2   conftest.c -lm  >&5
configure:12950: $? = 0
configure:12950: result: yes
configure:12950: checking for trunc
configure:12950: gcc -o conftest -g -O2   conftest.c -lm  >&5
conftest.c:71:6: warning: conflicting types for built-in function 'trunc'; expected 'double(double)' [-Wbuiltin-declaration-mismatch]
   71 | char trunc ();
      |      ^~~~~
conftest.c:59:1: note: 'trunc' is declared in header '<math.h>'
   58 | # include <limits.h>
   59 | #else
configure:12950: $? = 0
configure:12950: result: yes
configure:12980: checking whether to use calloc or malloc for memory allocation
configure:12991: result: calloc
configure:13001: checking whether to enable atrig/erf functions
configure:13010: result: yes
configure:13020: checking whether to use 32-bit or 64-bit locations
configure:13036: result: 32-bit
configure:13041: checking whether to use single or double precision
configure:13058: result: double
configure:13062: checking whether to enable advanced branching operations
configure:13071: result: no
configure:13082: checking whether to use ADOL-C debug mode
configure:13094: result: no
configure:13100: checking whether to use ADOL-C hard debug mode
configure:13112: result: no
configure:13131: checking whether the default adouble constructor should initialize the value to 0
configure:13143: result: yes
configure:13155: checking whether the adouble variables have a late initialize option for functions like malloc/realloc
configure:13167: result: no
configure:13179: checking whether errno is thread save
configure:13185: result: yes
configure:13203: checking which flag to use to enable OpenMP
configure:13213: result: none
configure:13220: checking whether to build sparse drivers
configure:13229: result: no
configure:13271: checking ColPack/ColPackHeaders.h usability
configure:13271: g++ -c -g -O2    conftest.cpp >&5
conftest.cpp:88:10: fatal error: ColPack/ColPackHeaders.h: No such file or directory
   88 | #include <ColPack/ColPackHeaders.h>
      |          ^~~~~~~~~~~~~~~~~~~~~~~~~~
compilation terminated.
configure:13271: $? = 1
configure: failed program was:
| /* confdefs.h */
| #define PACKAGE_NAME "adolc"
| #define PACKAGE_TARNAME "adolc"
| #define PACKAGE_VERSION "2.5.2"
| #define PACKAGE_STRING "adolc 2.5.2"
| #define PACKAGE_BUGREPORT "adol-c@list.coin-or.org"
| #define PACKAGE_URL ""
| #define PACKAGE "adolc"
| #define VERSION "2.5.2"
| #define HAVE_CXX11 1
| #define STDC_HEADERS 1
| #define HAVE_SYS_TYPES_H 1
| #define HAVE_SYS_STAT_H 1
| #define HAVE_STDLIB_H 1
| #define HAVE_STRING_H 1
| #define HAVE_MEMORY_H 1
| #define HAVE_STRINGS_H 1
| #define HAVE_INTTYPES_H 1
| #define HAVE_STDINT_H 1
| #define HAVE_UNISTD_H 1
| #define HAVE_DLFCN_H 1
| #define LT_OBJDIR ".libs/"
| #define SIZEOF_VOID_P 8
| #define HAVE_BUILTIN_EXPECT 1
| #define STDC_HEADERS 1
| #define TIME_WITH_SYS_TIME 1
| #define HAVE__BOOL 1
| #define HAVE_STDBOOL_H 1
| #define HAVE_STDDEF_H 1
| #define HAVE_STDLIB_H 1
| #define HAVE_STDIO_H 1
| #define HAVE_STRING_H 1
| #define HAVE_UNISTD_H 1
| #define HAVE_SYS_TIMEB_H 1
| #define HAVE_STDLIB_H 1
| #define HAVE_MALLOC 1
| #define HAVE_STDLIB_H 1
| #define HAVE_REALLOC 1
| #define HAVE_FLOOR 1
| #define HAVE_FMAX 1
| #define HAVE_FMIN 1
| #define HAVE_FTIME 1
| #define HAVE_POW 1
| #define HAVE_SQRT 1
| #define HAVE_STRCHR 1
| #define HAVE_STRTOL 1
| #define HAVE_TRUNC 1
| #define ADOLC_VERSION 2
| #define ADOLC_SUBVERSION 5
| #define ADOLC_PATCHLEVEL 2
| #define ADOLC_USE_CALLOC 1
| #define ADOLC_ADOUBLE_STDCZERO 1
| #define ADOLC_THREADSAVE_ERRNO 1
| /* end confdefs.h.  */
| #include <stdio.h>
| #ifdef HAVE_SYS_TYPES_H
| # include <sys/types.h>
| #endif
| #ifdef HAVE_SYS_STAT_H
| # include <sys/stat.h>
| #endif
| #ifdef STDC_HEADERS
| # include <stdlib.h>
| # include <stddef.h>
| #else
| # ifdef HAVE_STDLIB_H
| #  include <stdlib.h>
| # endif
| #endif
| #ifdef HAVE_STRING_H
| # if !defined STDC_HEADERS && defined HAVE_MEMORY_H
| #  include <memory.h>
| # endif
| # include <string.h>
| #endif
| #ifdef HAVE_STRINGS_H
| # include <strings.h>
| #endif
| #ifdef HAVE_INTTYPES_H
| # include <inttypes.h>
| #endif
| #ifdef HAVE_STDINT_H
| # include <stdint.h>
| #endif
| #ifdef HAVE_UNISTD_H
| # include <unistd.h>
| #endif
| #include <ColPack/ColPackHeaders.h>
configure:13271: result: no
configure:13271: checking ColPack/ColPackHeaders.h presence
configure:13271: g++ -E   conftest.cpp
conftest.cpp:55:10: fatal error: ColPack/ColPackHeaders.h: No such file or directory
   55 | #include <ColPack/ColPackHeaders.h>
      |          ^~~~~~~~~~~~~~~~~~~~~~~~~~
compilation terminated.
configure:13271: $? = 1
configure: failed program was:
| /* confdefs.h */
| #define PACKAGE_NAME "adolc"
| #define PACKAGE_TARNAME "adolc"
| #define PACKAGE_VERSION "2.5.2"
| #define PACKAGE_STRING "adolc 2.5.2"
| #define PACKAGE_BUGREPORT "adol-c@list.coin-or.org"
| #define PACKAGE_URL ""
| #define PACKAGE "adolc"
| #define VERSION "2.5.2"
| #define HAVE_CXX11 1
| #define STDC_HEADERS 1
| #define HAVE_SYS_TYPES_H 1
| #define HAVE_SYS_STAT_H 1
| #define HAVE_STDLIB_H 1
| #define HAVE_STRING_H 1
| #define HAVE_MEMORY_H 1
| #define HAVE_STRINGS_H 1
| #define HAVE_INTTYPES_H 1
| #define HAVE_STDINT_H 1
| #define HAVE_UNISTD_H 1
| #define HAVE_DLFCN_H 1
| #define LT_OBJDIR ".libs/"
| #define SIZEOF_VOID_P 8
| #define HAVE_BUILTIN_EXPECT 1
| #define STDC_HEADERS 1
| #define TIME_WITH_SYS_TIME 1
| #define HAVE__BOOL 1
| #define HAVE_STDBOOL_H 1
| #define HAVE_STDDEF_H 1
| #define HAVE_STDLIB_H 1
| #define HAVE_STDIO_H 1
| #define HAVE_STRING_H 1
| #define HAVE_UNISTD_H 1
| #define HAVE_SYS_TIMEB_H 1
| #define HAVE_STDLIB_H 1
| #define HAVE_MALLOC 1
| #define HAVE_STDLIB_H 1
| #define HAVE_REALLOC 1
| #define HAVE_FLOOR 1
| #define HAVE_FMAX 1
| #define HAVE_FMIN 1
| #define HAVE_FTIME 1
| #define HAVE_POW 1
| #define HAVE_SQRT 1
| #define HAVE_STRCHR 1
| #define HAVE_STRTOL 1
| #define HAVE_TRUNC 1
| #define ADOLC_VERSION 2
| #define ADOLC_SUBVERSION 5
| #define ADOLC_PATCHLEVEL 2
| #define ADOLC_USE_CALLOC 1
| #define ADOLC_ADOUBLE_STDCZERO 1
| #define ADOLC_THREADSAVE_ERRNO 1
| /* end confdefs.h.  */
| #include <ColPack/ColPackHeaders.h>
configure:13271: result: no
configure:13271: checking for ColPack/ColPackHeaders.h
configure:13271: result: no
configure:13365: checking whether to build documented examples
configure:13374: result: no
configure:13387: checking whether to build additional examples
configure:13396: result: no
configure:13409: checking whether to build parallel example
configure:13418: result: no
configure:13432: checking which CFLAGS to use
configure:13459: result: -O2 
configure:13464: checking which CXXFLAGS to use
configure:13490: result: -O2 
configure:13646: checking whether tape_doc should compute values as it prints the tape contents
configure:13659: result: yes
configure:13790: checking that generated files are newer than configure
configure:13796: result: done
configure:13855: creating ./config.status

## ---------------------- ##
## Running config.status. ##
## ---------------------- ##

This file was extended by adolc config.status 2.5.2, which was
generated by GNU Autoconf 2.69.  Invocation command line was

  CONFIG_FILES    = 
  CONFIG_HEADERS  = 
  CONFIG_LINKS    = 
  CONFIG_COMMANDS = 
  $ ./config.status 

on flying

config.status:1246: creating Makefile
config.status:1246: creating ADOL-C/Makefile
config.status:1246: creating ADOL-C/include/Makefile
config.status:1246: creating ADOL-C/include/adolc/Makefile
config.status:1246: creating ADOL-C/include/adolc/adolc_settings.h
config.status:1246: creating ADOL-C/include/adolc/drivers/Makefile
config.status:1246: creating ADOL-C/include/adolc/sparse/Makefile
config.status:1246: creating ADOL-C/include/adolc/tapedoc/Makefile
config.status:1246: creating ADOL-C/src/Makefile
config.status:1246: creating ADOL-C/src/drivers/Makefile
config.status:1246: creating ADOL-C/src/sparse/Makefile
config.status:1246: creating ADOL-C/src/tapedoc/Makefile
config.status:1246: creating ADOL-C/doc/version.tex
config.status:1246: creating ADOL-C/examples/Makefile
config.status:1246: creating ADOL-C/examples/additional_examples/Makefile
config.status:1246: creating ADOL-C/examples/additional_examples/cuda/Makefile
config.status:1246: creating ADOL-C/examples/additional_examples/clock/Makefile
config.status:1246: creating ADOL-C/examples/additional_examples/checkpointing/Makefile
config.status:1246: creating ADOL-C/examples/additional_examples/ext_diff_func/Makefile
config.status:1246: creating ADOL-C/examples/additional_examples/fixpoint_exam/Makefile
config.status:1246: creating ADOL-C/examples/additional_examples/hessmat/Makefile
config.status:1246: creating ADOL-C/examples/additional_examples/lufact/Makefile
config.status:1246: creating ADOL-C/examples/additional_examples/openmp_exam/Makefile
config.status:1246: creating ADOL-C/examples/additional_examples/scal/Makefile
config.status:1246: creating ADOL-C/examples/additional_examples/speelpenning/Makefile
config.status:1246: creating ADOL-C/examples/additional_examples/taylor/Makefile
config.status:1246: creating ADOL-C/examples/additional_examples/detexam/Makefile
config.status:1246: creating ADOL-C/examples/additional_examples/helm/Makefile
config.status:1246: creating ADOL-C/examples/additional_examples/lighthouse/Makefile
config.status:1246: creating ADOL-C/examples/additional_examples/ode/Makefile
config.status:1246: creating ADOL-C/examples/additional_examples/sparse/Makefile
config.status:1246: creating ADOL-C/examples/additional_examples/tapesave/Makefile
config.status:1246: creating ADOL-C/examples/additional_examples/pow/Makefile
config.status:1246: creating ADOL-C/examples/additional_examples/timing/Makefile
config.status:1246: creating ADOL-C/test/Makefile
config.status:1246: creating MSVisualStudio/v10/sparse/config.h
config.status:1246: creating MSVisualStudio/v10/nosparse/config.h
config.status:1246: creating MSVisualStudio/v10/x64/sparse/config.h
config.status:1246: creating MSVisualStudio/v10/x64/nosparse/config.h
config.status:1246: creating adolc.spec
config.status:1246: creating adolclib.pc
config.status:1246: creating ADOL-C/src/config.h
config.status:1475: executing depfiles commands
config.status:1475: executing libtool commands
configure:16415: Applying patches to libtool for GNU compiler

## ---------------- ##
## Cache variables. ##
## ---------------- ##

ac_cv_build=x86_64-unknown-linux-gnu
ac_cv_c_compiler_gnu=yes
ac_cv_c_const=yes
ac_cv_c_inline=inline
ac_cv_cxx_compiler_gnu=yes
ac_cv_env_CCC_set=
ac_cv_env_CCC_value=
ac_cv_env_CC_set=
ac_cv_env_CC_value=
ac_cv_env_CFLAGS_set=
ac_cv_env_CFLAGS_value=
ac_cv_env_CPPFLAGS_set=
ac_cv_env_CPPFLAGS_value=
ac_cv_env_CPP_set=
ac_cv_env_CPP_value=
ac_cv_env_CXXCPP_set=
ac_cv_env_CXXCPP_value=
ac_cv_env_CXXFLAGS_set=
ac_cv_env_CXXFLAGS_value=
ac_cv_env_CXX_set=
ac_cv_env_CXX_value=
ac_cv_env_LDFLAGS_set=
ac_cv_env_LDFLAGS_value=
ac_cv_env_LIBS_set=
ac_cv_env_LIBS_value=
ac_cv_env_build_alias_set=
ac_cv_env_build_alias_value=
ac_cv_env_host_alias_set=
ac_cv_env_host_alias_value=
ac_cv_env_target_alias_set=
ac_cv_env_target_alias_value=
ac_cv_func_floor=yes
ac_cv_func_fmax=yes
ac_cv_func_fmin=yes
ac_cv_func_ftime=yes
ac_cv_func_malloc_0_nonnull=yes
ac_cv_func_pow=yes
ac_cv_func_realloc_0_nonnull=yes
ac_cv_func_sqrt=yes
ac_cv_func_strchr=yes
ac_cv_func_strtol=yes
ac_cv_func_trunc=yes
ac_cv_header_ColPack_ColPackHeaders_h=no
ac_cv_header_dlfcn_h=yes
ac_cv_header_inttypes_h=yes
ac_cv_header_memory_h=yes
ac_cv_header_stdbool_h=yes
ac_cv_header_stdc=yes
ac_cv_header_stddef_h=yes
ac_cv_header_stdint_h=yes
ac_cv_header_stdio_h=yes
ac_cv_header_stdlib_h=yes
ac_cv_header_string_h=yes
ac_cv_header_strings_h=yes
ac_cv_header_sys_stat_h=yes
ac_cv_header_sys_timeb_h=yes
ac_cv_header_sys_types_h=yes
ac_cv_header_time=yes
ac_cv_header_unistd_h=yes
ac_cv_host=x86_64-unknown-linux-gnu
ac_cv_objext=o
ac_cv_path_EGREP='/bin/grep -E'
ac_cv_path_FGREP='/bin/grep -F'
ac_cv_path_GREP=/bin/grep
ac_cv_path_SED=/bin/sed
ac_cv_path_install='/usr/bin/install -c'
ac_cv_path_mkdir=/bin/mkdir
ac_cv_prog_AWK=gawk
ac_cv_prog_CPP='gcc -E'
ac_cv_prog_CXXCPP='g++ -E'
ac_cv_prog_ac_ct_AR=ar
ac_cv_prog_ac_ct_CC=gcc
ac_cv_prog_ac_ct_CXX=g++
ac_cv_prog_ac_ct_DLLTOOL=dlltool
ac_cv_prog_ac_ct_MANIFEST_TOOL=mt
ac_cv_prog_ac_ct_OBJDUMP=objdump
ac_cv_prog_ac_ct_RANLIB=ranlib
ac_cv_prog_ac_ct_STRIP=strip
ac_cv_prog_cc_c89=
ac_cv_prog_cc_c99=
ac_cv_prog_cc_g=yes
ac_cv_prog_cxx_g=yes
ac_cv_prog_make_make_set=yes
ac_cv_search_pow=-lm
ac_cv_sizeof_void_p=8
ac_cv_struct_tm=time.h
ac_cv_type__Bool=yes
ac_cv_type_size_t=yes
am_cv_CC_dependencies_compiler_type=gcc3
am_cv_CXX_dependencies_compiler_type=gcc3
am_cv_make_support_nested_variables=yes
ax_cv_cxx_compile_cxx11=yes
lt_cv_ar_at_file=@
lt_cv_archive_cmds_need_lc=no
lt_cv_deplibs_check_method=pass_all
lt_cv_file_magic_cmd='$MAGIC_CMD'
lt_cv_file_magic_test_file=
lt_cv_ld_reload_flag=-r
lt_cv_nm_interface='BSD nm'
lt_cv_objdir=.libs
lt_cv_path_LD=/usr/bin/ld
lt_cv_path_LDCXX='/usr/bin/ld -m elf_x86_64'
lt_cv_path_NM='/usr/bin/nm -B'
lt_cv_path_mainfest_tool=no
lt_cv_prog_compiler_c_o=yes
lt_cv_prog_compiler_c_o_CXX=yes
lt_cv_prog_compiler_pic='-fPIC -DPIC'
lt_cv_prog_compiler_pic_CXX='-fPIC -DPIC'
lt_cv_prog_compiler_pic_works=yes
lt_cv_prog_compiler_pic_works_CXX=yes
lt_cv_prog_compiler_rtti_exceptions=no
lt_cv_prog_compiler_static_works=yes
lt_cv_prog_compiler_static_works_CXX=yes
lt_cv_prog_gnu_ld=yes
lt_cv_prog_gnu_ldcxx=yes
lt_cv_sharedlib_from_linklib_cmd='printf %s\n'
lt_cv_shlibpath_overrides_runpath=yes
lt_cv_sys_global_symbol_pipe='sed -n -e '\''s/^.*[	 ]\([ABCDGIRSTW][ABCDGIRSTW]*\)[	 ][	 ]*\([_A-Za-z][_A-Za-z0-9]*\)$/\1 \2 \2/p'\'' | sed '\''/ __gnu_lto/d'\'''
lt_cv_sys_global_symbol_to_c_name_address='sed -n -e '\''s/^: \([^ ]*\)[ ]*$/  {\"\1\", (void *) 0},/p'\'' -e '\''s/^[ABCDGIRSTW]* \([^ ]*\) \([^ ]*\)$/  {"\2", (void *) \&\2},/p'\'''
lt_cv_sys_global_symbol_to_c_name_address_lib_prefix='sed -n -e '\''s/^: \([^ ]*\)[ ]*$/  {\"\1\", (void *) 0},/p'\'' -e '\''s/^[ABCDGIRSTW]* \([^ ]*\) \(lib[^ ]*\)$/  {"\2", (void *) \&\2},/p'\'' -e '\''s/^[ABCDGIRSTW]* \([^ ]*\) \([^ ]*\)$/  {"lib\2", (void *) \&\2},/p'\'''
lt_cv_sys_global_symbol_to_cdecl='sed -n -e '\''s/^T .* \(.*\)$/extern int \1();/p'\'' -e '\''s/^[ABCDGIRSTW]* .* \(.*\)$/extern char \1;/p'\'''
lt_cv_sys_max_cmd_len=1572864
lt_cv_to_host_file_cmd=func_convert_file_noop
lt_cv_to_tool_file_cmd=func_convert_file_noop

## ----------------- ##
## Output variables. ##
## ----------------- ##

ACLOCAL='${SHELL} /home/tom/Work/Programs/ZIB_RubyExt/pkg/ADOL-C-2.5.2/autoconf/missing aclocal-1.13'
ADDEXA_FALSE=''
ADDEXA_TRUE='#'
ADOLC_PATCHLEVEL='2'
ADOLC_SUBVERSION='5'
ADOLC_VERSION='2'
ADVBRANCH='#undef ADOLC_ADVANCED_BRANCHING'
AMDEPBACKSLASH='\'
AMDEP_FALSE='#'
AMDEP_TRUE=''
AMTAR='$${TAR-tar}'
AM_BACKSLASH='\'
AM_DEFAULT_V='$(AM_DEFAULT_VERBOSITY)'
AM_DEFAULT_VERBOSITY='0'
AM_V='$(V)'
AR='ar'
AS='as'
ATRIG_ERF='#define ATRIG_ERF 1'
AUTOCONF='${SHELL} /home/tom/Work/Programs/ZIB_RubyExt/pkg/ADOL-C-2.5.2/autoconf/missing autoconf'
AUTOHEADER='${SHELL} /home/tom/Work/Programs/ZIB_RubyExt/pkg/ADOL-C-2.5.2/autoconf/missing autoheader'
AUTOMAKE='${SHELL} /home/tom/Work/Programs/ZIB_RubyExt/pkg/ADOL-C-2.5.2/autoconf/missing automake-1.13'
AWK='gawk'
BUILD_ADOLC_AMPI_SUPPORT_FALSE=''
BUILD_ADOLC_AMPI_SUPPORT_TRUE='#'
CC='gcc'
CCDEPMODE='depmode=gcc3'
CFLAGS='-g -O2'
CPP='gcc -E'
CPPFLAGS=''
CXX='g++'
CXXCPP='g++ -E'
CXXDEPMODE='depmode=gcc3'
CXXFLAGS='-g -O2'
CYGPATH_W='echo'
DARWIN_FALSE=''
DARWIN_TRUE='#'
DEFS='-DHAVE_CONFIG_H'
DEPDIR='.deps'
DLLTOOL='dlltool'
DOCEXA_FALSE=''
DOCEXA_TRUE='#'
DSYMUTIL=''
DUMPBIN=''
ECHO_C=''
ECHO_N='-n'
ECHO_T=''
EGREP='/bin/grep -E'
EXEEXT=''
FGREP='/bin/grep -F'
GREP='/bin/grep'
HAVE_CXX11='1'
HAVE_LIBCOLPACK_FALSE=''
HAVE_LIBCOLPACK_TRUE='#'
INSTALL_DATA='${INSTALL} -m 644'
INSTALL_PROGRAM='${INSTALL}'
INSTALL_SCRIPT='${INSTALL}'
INSTALL_STRIP_PROGRAM='$(install_sh) -c -s'
LD='/usr/bin/ld -m elf_x86_64'
LDFLAGS=''
LIBOBJS=''
LIBS='-lm '
LIBTOOL='$(SHELL) $(top_builddir)/libtool'
LIPO=''
LN_S='ln -s'
LTLIBOBJS=''
MAINT='#'
MAINTAINER_MODE_FALSE=''
MAINTAINER_MODE_TRUE='#'
MAKEINFO='${SHELL} /home/tom/Work/Programs/ZIB_RubyExt/pkg/ADOL-C-2.5.2/autoconf/missing makeinfo'
MANIFEST_TOOL=':'
MKDIR_P='/bin/mkdir -p'
NM='/usr/bin/nm -B'
NMEDIT=''
OBJDUMP='objdump'
OBJEXT='o'
OTOOL64=''
OTOOL=''
PACKAGE='adolc'
PACKAGE_BUGREPORT='adol-c@list.coin-or.org'
PACKAGE_NAME='adolc'
PACKAGE_STRING='adolc 2.5.2'
PACKAGE_TARNAME='adolc'
PACKAGE_URL=''
PACKAGE_VERSION='2.5.2'
PAREXA_FALSE=''
PAREXA_TRUE='#'
PATH_SEPARATOR=':'
RANLIB='ranlib'
REAL_TYPE='double'
SED='/bin/sed'
SET_MAKE=''
SHELL='/bin/bash'
SPARSE_FALSE=''
SPARSE_TRUE='#'
STRIP='strip'
UINT_TYPE='uint32_t'
VERSION='2.5.2'
_lib='lib64'
ac_adolc_cflags='-O2 '
ac_adolc_cxxflags='-O2 '
ac_aux_dir='autoconf'
ac_ct_AR='ar'
ac_ct_CC='gcc'
ac_ct_CXX='g++'
ac_ct_DUMPBIN=''
adolclib='adolc'
am__EXEEXT_FALSE=''
am__EXEEXT_TRUE='#'
am__fastdepCC_FALSE='#'
am__fastdepCC_TRUE=''
am__fastdepCXX_FALSE='#'
am__fastdepCXX_TRUE=''
am__include='include'
am__isrc=''
am__leading_dot='.'
am__nodep='_no'
am__quote=''
am__tar='$${TAR-tar} chof - "$$tardir"'
am__untar='$${TAR-tar} xf -'
bindir='${exec_prefix}/bin'
build='x86_64-unknown-linux-gnu'
build_alias=''
build_cpu='x86_64'
build_os='linux-gnu'
build_vendor='unknown'
datadir='${datarootdir}'
datarootdir='${prefix}/share'
docdir='${datarootdir}/doc/${PACKAGE_TARNAME}'
dvidir='${docdir}'
exec_prefix='${prefix}'
host='x86_64-unknown-linux-gnu'
host_alias=''
host_cpu='x86_64'
host_os='linux-gnu'
host_vendor='unknown'
htmldir='${docdir}'
includedir='${prefix}/include'
infodir='${datarootdir}/info'
install_sh='${SHELL} /home/tom/Work/Programs/ZIB_RubyExt/pkg/ADOL-C-2.5.2/autoconf/install-sh'
libdir='${exec_prefix}/lib64'
libexecdir='${exec_prefix}/libexec'
localedir='${datarootdir}/locale'
localstatedir='${prefix}/var'
mandir='${datarootdir}/man'
mkdir_p='$(MKDIR_P)'
oldincludedir='/usr/include'
pdfdir='${docdir}'
prefix='/home/tom/Work/Programs/ZIB_RubyExt/pkg'
program_transform_name='s,x,x,'
psdir='${docdir}'
saveCC='gcc'
saveCXX='g++'
sbindir='${exec_prefix}/sbin'
sharedstatedir='${prefix}/com'
sysconfdir='${prefix}/etc'
target_alias=''

## ----------- ##
## confdefs.h. ##
## ----------- ##

/* confdefs.h */
#define PACKAGE_NAME "adolc"
#define PACKAGE_TARNAME "adolc"
#define PACKAGE_VERSION "2.5.2"
#define PACKAGE_STRING "adolc 2.5.2"
#define PACKAGE_BUGREPORT "adol-c@list.coin-or.org"
#define PACKAGE_URL ""
#define PACKAGE "adolc"
#define VERSION "2.5.2"
#define HAVE_CXX11 1
#define STDC_HEADERS 1
#define HAVE_SYS_TYPES_H 1
#define HAVE_SYS_STAT_H 1
#define HAVE_STDLIB_H 1
#define HAVE_STRING_H 1
#define HAVE_MEMORY_H 1
#define HAVE_STRINGS_H 1
#define HAVE_INTTYPES_H 1
#define HAVE_STDINT_H 1
#define HAVE_UNISTD_H 1
#define HAVE_DLFCN_H 1
#define LT_OBJDIR ".libs/"
#define SIZEOF_VOID_P 8
#define HAVE_BUILTIN_EXPECT 1
#define STDC_HEADERS 1
#define TIME_WITH_SYS_TIME 1
#define HAVE__BOOL 1
#define HAVE_STDBOOL_H 1
#define HAVE_STDDEF_H 1
#define HAVE_STDLIB_H 1
#define HAVE_STDIO_H 1
#define HAVE_STRING_H 1
#define HAVE_UNISTD_H 1
#define HAVE_SYS_TIMEB_H 1
#define HAVE_STDLIB_H 1
#define HAVE_MALLOC 1
#define HAVE_STDLIB_H 1
#define HAVE_REALLOC 1
#define HAVE_FLOOR 1
#define HAVE_FMAX 1
#define HAVE_FMIN 1
#define HAVE_FTIME 1
#define HAVE_POW 1
#define HAVE_SQRT 1
#define HAVE_STRCHR 1
#define HAVE_STRTOL 1
#define HAVE_TRUNC 1
#define ADOLC_VERSION 2
#define ADOLC_SUBVERSION 5
#define ADOLC_PATCHLEVEL 2
#define ADOLC_USE_CALLOC 1
#define ADOLC_ADOUBLE_STDCZERO 1
#define ADOLC_THREADSAVE_ERRNO 1
#define ADOLC_TAPE_DOC_VALUES 1

configure: exit 0

## ---------------------- ##
## Running config.status. ##
## ---------------------- ##

This file was extended by adolc config.status 2.5.2, which was
generated by GNU Autoconf 2.69.  Invocation command line was

  CONFIG_FILES    = 
  CONFIG_HEADERS  = 
  CONFIG_LINKS    = 
  CONFIG_COMMANDS = 
  $ ./config.status adolclib.pc

on flying

config.status:1246: creating adolclib.pc
